[2019-08-22T21:32:57.516] [INFO] server - {"url":"/favicon.ico","method":"GET"}
[2019-08-22T21:32:57.519] [ERROR] server - Error: Invalid URI "/favicon.ico"
    at Request.init (/Users/owen/yy/ep-api/node_modules/request/request.js:273:31)
    at new Request (/Users/owen/yy/ep-api/node_modules/request/request.js:127:8)
    at request (/Users/owen/yy/ep-api/node_modules/request/index.js:53:10)
    at /Users/owen/yy/ep-api/server.js:31:5
    at Layer.handle [as handle_request] (/Users/owen/yy/ep-api/node_modules/express/lib/router/layer.js:95:5)
    at trim_prefix (/Users/owen/yy/ep-api/node_modules/express/lib/router/index.js:317:13)
    at /Users/owen/yy/ep-api/node_modules/express/lib/router/index.js:284:7
    at Function.process_params (/Users/owen/yy/ep-api/node_modules/express/lib/router/index.js:335:12)
    at next (/Users/owen/yy/ep-api/node_modules/express/lib/router/index.js:275:10)
    at /Users/owen/yy/ep-api/node_modules/express/lib/router/index.js:635:15
[2019-08-22T21:34:23.616] [INFO] server - {"url":"/favicon.ico","method":"GET"}
[2019-08-22T21:34:23.619] [ERROR] server - Error: Invalid URI "/favicon.ico"
    at Request.init (/Users/owen/yy/ep-api/node_modules/request/request.js:273:31)
    at new Request (/Users/owen/yy/ep-api/node_modules/request/request.js:127:8)
    at request (/Users/owen/yy/ep-api/node_modules/request/index.js:53:10)
    at /Users/owen/yy/ep-api/server.js:33:5
    at Layer.handle [as handle_request] (/Users/owen/yy/ep-api/node_modules/express/lib/router/layer.js:95:5)
    at trim_prefix (/Users/owen/yy/ep-api/node_modules/express/lib/router/index.js:317:13)
    at /Users/owen/yy/ep-api/node_modules/express/lib/router/index.js:284:7
    at Function.process_params (/Users/owen/yy/ep-api/node_modules/express/lib/router/index.js:335:12)
    at next (/Users/owen/yy/ep-api/node_modules/express/lib/router/index.js:275:10)
    at /Users/owen/yy/ep-api/node_modules/express/lib/router/index.js:635:15
[2019-08-22T21:37:44.580] [INFO] server - {"url":"/favicon.ico","method":"GET"}
[2019-08-22T21:37:44.583] [ERROR] server - Error: Invalid URI "/favicon.ico"
    at Request.init (/Users/owen/yy/ep-api/node_modules/request/request.js:273:31)
    at new Request (/Users/owen/yy/ep-api/node_modules/request/request.js:127:8)
    at request (/Users/owen/yy/ep-api/node_modules/request/index.js:53:10)
    at /Users/owen/yy/ep-api/server.js:31:5
    at Layer.handle [as handle_request] (/Users/owen/yy/ep-api/node_modules/express/lib/router/layer.js:95:5)
    at trim_prefix (/Users/owen/yy/ep-api/node_modules/express/lib/router/index.js:317:13)
    at /Users/owen/yy/ep-api/node_modules/express/lib/router/index.js:284:7
    at Function.process_params (/Users/owen/yy/ep-api/node_modules/express/lib/router/index.js:335:12)
    at next (/Users/owen/yy/ep-api/node_modules/express/lib/router/index.js:275:10)
    at /Users/owen/yy/ep-api/node_modules/express/lib/router/index.js:635:15
[2019-08-22T21:37:46.748] [INFO] server - {"url":"/favicon.ico","method":"GET"}
[2019-08-22T21:37:46.749] [ERROR] server - Error: Invalid URI "/favicon.ico"
    at Request.init (/Users/owen/yy/ep-api/node_modules/request/request.js:273:31)
    at new Request (/Users/owen/yy/ep-api/node_modules/request/request.js:127:8)
    at request (/Users/owen/yy/ep-api/node_modules/request/index.js:53:10)
    at /Users/owen/yy/ep-api/server.js:31:5
    at Layer.handle [as handle_request] (/Users/owen/yy/ep-api/node_modules/express/lib/router/layer.js:95:5)
    at trim_prefix (/Users/owen/yy/ep-api/node_modules/express/lib/router/index.js:317:13)
    at /Users/owen/yy/ep-api/node_modules/express/lib/router/index.js:284:7
    at Function.process_params (/Users/owen/yy/ep-api/node_modules/express/lib/router/index.js:335:12)
    at next (/Users/owen/yy/ep-api/node_modules/express/lib/router/index.js:275:10)
    at /Users/owen/yy/ep-api/node_modules/express/lib/router/index.js:635:15
[2019-08-22T21:37:50.004] [INFO] server - {"url":"/favicon.ico","method":"GET"}
[2019-08-22T21:37:50.005] [ERROR] server - Error: Invalid URI "/favicon.ico"
    at Request.init (/Users/owen/yy/ep-api/node_modules/request/request.js:273:31)
    at new Request (/Users/owen/yy/ep-api/node_modules/request/request.js:127:8)
    at request (/Users/owen/yy/ep-api/node_modules/request/index.js:53:10)
    at /Users/owen/yy/ep-api/server.js:31:5
    at Layer.handle [as handle_request] (/Users/owen/yy/ep-api/node_modules/express/lib/router/layer.js:95:5)
    at trim_prefix (/Users/owen/yy/ep-api/node_modules/express/lib/router/index.js:317:13)
    at /Users/owen/yy/ep-api/node_modules/express/lib/router/index.js:284:7
    at Function.process_params (/Users/owen/yy/ep-api/node_modules/express/lib/router/index.js:335:12)
    at next (/Users/owen/yy/ep-api/node_modules/express/lib/router/index.js:275:10)
    at /Users/owen/yy/ep-api/node_modules/express/lib/router/index.js:635:15
[2019-08-22T21:37:51.096] [INFO] server - {"url":"/favicon.ico","method":"GET"}
[2019-08-22T21:37:51.096] [ERROR] server - Error: Invalid URI "/favicon.ico"
    at Request.init (/Users/owen/yy/ep-api/node_modules/request/request.js:273:31)
    at new Request (/Users/owen/yy/ep-api/node_modules/request/request.js:127:8)
    at request (/Users/owen/yy/ep-api/node_modules/request/index.js:53:10)
    at /Users/owen/yy/ep-api/server.js:31:5
    at Layer.handle [as handle_request] (/Users/owen/yy/ep-api/node_modules/express/lib/router/layer.js:95:5)
    at trim_prefix (/Users/owen/yy/ep-api/node_modules/express/lib/router/index.js:317:13)
    at /Users/owen/yy/ep-api/node_modules/express/lib/router/index.js:284:7
    at Function.process_params (/Users/owen/yy/ep-api/node_modules/express/lib/router/index.js:335:12)
    at next (/Users/owen/yy/ep-api/node_modules/express/lib/router/index.js:275:10)
    at /Users/owen/yy/ep-api/node_modules/express/lib/router/index.js:635:15
[2019-08-22T21:37:51.849] [INFO] server - {"url":"/favicon.ico","method":"GET"}
[2019-08-22T21:37:51.849] [ERROR] server - Error: Invalid URI "/favicon.ico"
    at Request.init (/Users/owen/yy/ep-api/node_modules/request/request.js:273:31)
    at new Request (/Users/owen/yy/ep-api/node_modules/request/request.js:127:8)
    at request (/Users/owen/yy/ep-api/node_modules/request/index.js:53:10)
    at /Users/owen/yy/ep-api/server.js:31:5
    at Layer.handle [as handle_request] (/Users/owen/yy/ep-api/node_modules/express/lib/router/layer.js:95:5)
    at trim_prefix (/Users/owen/yy/ep-api/node_modules/express/lib/router/index.js:317:13)
    at /Users/owen/yy/ep-api/node_modules/express/lib/router/index.js:284:7
    at Function.process_params (/Users/owen/yy/ep-api/node_modules/express/lib/router/index.js:335:12)
    at next (/Users/owen/yy/ep-api/node_modules/express/lib/router/index.js:275:10)
    at /Users/owen/yy/ep-api/node_modules/express/lib/router/index.js:635:15
[2019-08-22T21:37:52.622] [INFO] server - {"url":"/favicon.ico","method":"GET"}
[2019-08-22T21:37:52.622] [ERROR] server - Error: Invalid URI "/favicon.ico"
    at Request.init (/Users/owen/yy/ep-api/node_modules/request/request.js:273:31)
    at new Request (/Users/owen/yy/ep-api/node_modules/request/request.js:127:8)
    at request (/Users/owen/yy/ep-api/node_modules/request/index.js:53:10)
    at /Users/owen/yy/ep-api/server.js:31:5
    at Layer.handle [as handle_request] (/Users/owen/yy/ep-api/node_modules/express/lib/router/layer.js:95:5)
    at trim_prefix (/Users/owen/yy/ep-api/node_modules/express/lib/router/index.js:317:13)
    at /Users/owen/yy/ep-api/node_modules/express/lib/router/index.js:284:7
    at Function.process_params (/Users/owen/yy/ep-api/node_modules/express/lib/router/index.js:335:12)
    at next (/Users/owen/yy/ep-api/node_modules/express/lib/router/index.js:275:10)
    at /Users/owen/yy/ep-api/node_modules/express/lib/router/index.js:635:15
[2019-08-22T21:37:55.374] [INFO] server - {"url":"/favicon.ico","method":"GET"}
[2019-08-22T21:37:55.375] [ERROR] server - Error: Invalid URI "/favicon.ico"
    at Request.init (/Users/owen/yy/ep-api/node_modules/request/request.js:273:31)
    at new Request (/Users/owen/yy/ep-api/node_modules/request/request.js:127:8)
    at request (/Users/owen/yy/ep-api/node_modules/request/index.js:53:10)
    at /Users/owen/yy/ep-api/server.js:31:5
    at Layer.handle [as handle_request] (/Users/owen/yy/ep-api/node_modules/express/lib/router/layer.js:95:5)
    at trim_prefix (/Users/owen/yy/ep-api/node_modules/express/lib/router/index.js:317:13)
    at /Users/owen/yy/ep-api/node_modules/express/lib/router/index.js:284:7
    at Function.process_params (/Users/owen/yy/ep-api/node_modules/express/lib/router/index.js:335:12)
    at next (/Users/owen/yy/ep-api/node_modules/express/lib/router/index.js:275:10)
    at /Users/owen/yy/ep-api/node_modules/express/lib/router/index.js:635:15
